04:39:37 **** Incremental Build of configuration Debug for project LCD ****
make all 
Building file: ../CLCD_program.c
Invoking: AVR Compiler
avr-gcc -Wall -g2 -gstabs -O0 -fpack-struct -fshort-enums -ffunction-sections -fdata-sections -std=gnu99 -funsigned-char -funsigned-bitfields -mmcu=atmega16 -DF_CPU=1000000UL -MMD -MP -MF"CLCD_program.d" -MT"CLCD_program.o" -c -o "CLCD_program.o" "../CLCD_program.c"
In file included from ../CLCD_program.c:12:
e:/nti/tools/eclipse/sdk_win_64/sdk_win_64/winavr/lib/gcc/../../avr/include/util/delay.h:90:3: warning: #warning "Compiler optimizations disabled; functions from <util/delay.h> won't work as designed"
Finished building: ../CLCD_program.c
 
Building target: LCD.elf
Invoking: AVR C Linker
avr-gcc -Wl,-Map,LCD.map -mmcu=atmega16 -o "LCD.elf"  ./DIO/DIO_program.o  ./CLCD_program.o ./main.o   
Finished building target: LCD.elf
 
Invoking: AVR Create Extended Listing
avr-objdump -h -S LCD.elf  >"LCD.lss"
Finished building: LCD.lss
 
Invoking: Print Size
avr-size --format=avr --mcu=atmega16 LCD.elf
AVR Memory Usage
----------------
Device: atmega16

Program:    9314 bytes (56.8% Full)
(.text + .data + .bootloader)

Data:         16 bytes (1.6% Full)
(.data + .bss + .noinit)


Finished building: sizedummy
 

04:39:38 Build Finished (took 567ms)

