18:51:33 **** Incremental Build of configuration Debug for project SSD ****
make all 
Building file: ../main.c
Invoking: AVR Compiler
avr-gcc -Wall -g2 -gstabs -O0 -fpack-struct -fshort-enums -ffunction-sections -fdata-sections -std=gnu99 -funsigned-char -funsigned-bitfields -mmcu=atmega16 -DF_CPU=1000000UL -MMD -MP -MF"main.d" -MT"main.o" -c -o "main.o" "../main.c"
In file included from ../main.c:12:
e:/nti/tools/eclipse/sdk_win_64/sdk_win_64/winavr/lib/gcc/../../avr/include/util/delay.h:90:3: warning: #warning "Compiler optimizations disabled; functions from <util/delay.h> won't work as designed"
Finished building: ../main.c
 
Building target: SSD.elf
Invoking: AVR C Linker
avr-gcc -Wl,-Map,SSD.map -mmcu=atmega16 -o "SSD.elf"  ./DIO/DIO_program.o  ./SSD_program.o ./main.o   
Finished building target: SSD.elf
 
Invoking: AVR Create Extended Listing
avr-objdump -h -S SSD.elf  >"SSD.lss"
Finished building: SSD.lss
 
Create Flash image (ihex format)
avr-objcopy -R .eeprom -R .fuse -R .lock -R .signature -O ihex SSD.elf  "SSD.hex"
Finished building: SSD.hex
 
Invoking: Print Size
avr-size --format=avr --mcu=atmega16 SSD.elf
AVR Memory Usage
----------------
Device: atmega16

Program:    6540 bytes (39.9% Full)
(.text + .data + .bootloader)

Data:          8 bytes (0.8% Full)
(.data + .bss + .noinit)


Finished building: sizedummy
 
