16:27:50 **** Incremental Build of configuration Debug for project Timer ****
make all 
Building file: ../main.c
Invoking: AVR Compiler
avr-gcc -Wall -g2 -gstabs -O0 -fpack-struct -fshort-enums -ffunction-sections -fdata-sections -std=gnu99 -funsigned-char -funsigned-bitfields -mmcu=atmega16 -DF_CPU=1000000UL -MMD -MP -MF"main.d" -MT"main.o" -c -o "main.o" "../main.c"
In file included from ../main.c:11:
e:/nti/tools/eclipse/sdk_win_64/sdk_win_64/winavr/lib/gcc/../../avr/include/util/delay.h:90:3: warning: #warning "Compiler optimizations disabled; functions from <util/delay.h> won't work as designed"
Finished building: ../main.c
 
Building target: Timer.elf
Invoking: AVR C Linker
avr-gcc -Wl,-Map,Timer.map -mmcu=atmega16 -o "Timer.elf"  ./DIO/DIO_program.o  ./Timer_program.o ./main.o   
Finished building target: Timer.elf
 
Invoking: AVR Create Extended Listing
avr-objdump -h -S Timer.elf  >"Timer.lss"
Finished building: Timer.lss
 
Invoking: Print Size
avr-size --format=avr --mcu=atmega16 Timer.elf
AVR Memory Usage
----------------
Device: atmega16

Program:    6516 bytes (39.8% Full)
(.text + .data + .bootloader)

Data:         12 bytes (1.2% Full)
(.data + .bss + .noinit)


Finished building: sizedummy
 
