02:43:45 **** Incremental Build of configuration Debug for project LED ****
make all 
Building file: ../main.c
Invoking: AVR Compiler
avr-gcc -Wall -g2 -gstabs -O0 -fpack-struct -fshort-enums -ffunction-sections -fdata-sections -std=gnu99 -funsigned-char -funsigned-bitfields -mmcu=atmega16 -DF_CPU=1000000UL -MMD -MP -MF"main.d" -MT"main.o" -c -o "main.o" "../main.c"
In file included from ../main.c:2:
e:/nti/tools/eclipse/sdk_win_64/sdk_win_64/winavr/lib/gcc/../../avr/include/util/delay.h:90:3: warning: #warning "Compiler optimizations disabled; functions from <util/delay.h> won't work as designed"
Finished building: ../main.c
 
Building target: LED.elf
Invoking: AVR C Linker
avr-gcc -Wl,-Map,LED.map -mmcu=atmega16 -o "LED.elf"  ./DIO/DIO_program.o  ./LED_program.o ./main.o   
Finished building target: LED.elf
 
Invoking: AVR Create Extended Listing
avr-objdump -h -S LED.elf  >"LED.lss"
Finished building: LED.lss
 
Invoking: Print Size
avr-size --format=avr --mcu=atmega16 LED.elf
AVR Memory Usage
----------------
Device: atmega16

Program:    5932 bytes (36.2% Full)
(.text + .data + .bootloader)

Data:         12 bytes (1.2% Full)
(.data + .bss + .noinit)


Finished building: sizedummy
 
