02:18:59 **** Incremental Build of configuration Debug for project SPI ****
make all 
Building file: ../SPI_program.c
Invoking: AVR Compiler
avr-gcc -Wall -g2 -gstabs -O0 -fpack-struct -fshort-enums -ffunction-sections -fdata-sections -std=gnu99 -funsigned-char -funsigned-bitfields -mmcu=atmega16 -DF_CPU=1000000UL -MMD -MP -MF"SPI_program.d" -MT"SPI_program.o" -c -o "SPI_program.o" "../SPI_program.c"
Finished building: ../SPI_program.c
 
Building file: ../main.c
Invoking: AVR Compiler
avr-gcc -Wall -g2 -gstabs -O0 -fpack-struct -fshort-enums -ffunction-sections -fdata-sections -std=gnu99 -funsigned-char -funsigned-bitfields -mmcu=atmega16 -DF_CPU=1000000UL -MMD -MP -MF"main.d" -MT"main.o" -c -o "main.o" "../main.c"
Finished building: ../main.c
 
Building target: SPI.elf
Invoking: AVR C Linker
avr-gcc -Wl,-Map,SPI.map -mmcu=atmega16 -o "SPI.elf"  ./DIO/DIO_program.o  ./SPI_program.o ./main.o   
Finished building target: SPI.elf
 
Invoking: AVR Create Extended Listing
avr-objdump -h -S SPI.elf  >"SPI.lss"
Finished building: SPI.lss
 
Invoking: Print Size
avr-size --format=avr --mcu=atmega16 SPI.elf
AVR Memory Usage
----------------
Device: atmega16

Program:    2706 bytes (16.5% Full)
(.text + .data + .bootloader)

Data:          0 bytes (0.0% Full)
(.data + .bss + .noinit)


Finished building: sizedummy
 

02:19:00 Build Finished (took 1s.99ms)

